<?xml version="1.0" encoding="UTF-8"?>
<testsuite name="com.example.ordersApp.OrdersAppApplicationTests" tests="1" skipped="0" failures="0" errors="0" timestamp="2023-06-14T12:11:35" hostname="DESKTOP-5SB4P3U" time="0.291">
  <properties/>
  <testcase name="contextLoads()" classname="com.example.ordersApp.OrdersAppApplicationTests" time="0.291"/>
  <system-out><![CDATA[14:11:27.010 [Test worker] DEBUG org.springframework.test.context.BootstrapUtils - Instantiating CacheAwareContextLoaderDelegate from class [org.springframework.test.context.cache.DefaultCacheAwareContextLoaderDelegate]
14:11:27.022 [Test worker] DEBUG org.springframework.test.context.BootstrapUtils - Instantiating BootstrapContext using constructor [public org.springframework.test.context.support.DefaultBootstrapContext(java.lang.Class,org.springframework.test.context.CacheAwareContextLoaderDelegate)]
14:11:27.071 [Test worker] DEBUG org.springframework.test.context.BootstrapUtils - Instantiating TestContextBootstrapper for test class [com.example.ordersApp.OrdersAppApplicationTests] from class [org.springframework.boot.test.context.SpringBootTestContextBootstrapper]
14:11:27.089 [Test worker] INFO org.springframework.boot.test.context.SpringBootTestContextBootstrapper - Neither @ContextConfiguration nor @ContextHierarchy found for test class [com.example.ordersApp.OrdersAppApplicationTests], using SpringBootContextLoader
14:11:27.096 [Test worker] DEBUG org.springframework.test.context.support.AbstractContextLoader - Did not detect default resource location for test class [com.example.ordersApp.OrdersAppApplicationTests]: class path resource [com/example/ordersApp/OrdersAppApplicationTests-context.xml] does not exist
14:11:27.096 [Test worker] DEBUG org.springframework.test.context.support.AbstractContextLoader - Did not detect default resource location for test class [com.example.ordersApp.OrdersAppApplicationTests]: class path resource [com/example/ordersApp/OrdersAppApplicationTestsContext.groovy] does not exist
14:11:27.097 [Test worker] INFO org.springframework.test.context.support.AbstractContextLoader - Could not detect default resource locations for test class [com.example.ordersApp.OrdersAppApplicationTests]: no resource found for suffixes {-context.xml, Context.groovy}.
14:11:27.098 [Test worker] INFO org.springframework.test.context.support.AnnotationConfigContextLoaderUtils - Could not detect default configuration classes for test class [com.example.ordersApp.OrdersAppApplicationTests]: OrdersAppApplicationTests does not declare any static, non-private, non-final, nested classes annotated with @Configuration.
14:11:27.160 [Test worker] DEBUG org.springframework.test.context.support.ActiveProfilesUtils - Could not find an 'annotation declaring class' for annotation type [org.springframework.test.context.ActiveProfiles] and class [com.example.ordersApp.OrdersAppApplicationTests]
14:11:27.266 [Test worker] DEBUG org.springframework.context.annotation.ClassPathScanningCandidateComponentProvider - Identified candidate component class: file [C:\Projects\ordersAppBackend\build\classes\java\main\com\example\ordersApp\OrdersAppApplication.class]
14:11:27.267 [Test worker] INFO org.springframework.boot.test.context.SpringBootTestContextBootstrapper - Found @SpringBootConfiguration com.example.ordersApp.OrdersAppApplication for test class com.example.ordersApp.OrdersAppApplicationTests
14:11:27.435 [Test worker] DEBUG org.springframework.boot.test.context.SpringBootTestContextBootstrapper - @TestExecutionListeners is not present for class [com.example.ordersApp.OrdersAppApplicationTests]: using defaults.
14:11:27.436 [Test worker] INFO org.springframework.boot.test.context.SpringBootTestContextBootstrapper - Loaded default TestExecutionListener class names from location [META-INF/spring.factories]: [org.springframework.security.test.context.support.WithSecurityContextTestExecutionListener, org.springframework.security.test.context.support.ReactorContextTestExecutionListener, org.springframework.boot.test.autoconfigure.restdocs.RestDocsTestExecutionListener, org.springframework.boot.test.autoconfigure.web.client.MockRestServiceServerResetTestExecutionListener, org.springframework.boot.test.autoconfigure.web.servlet.MockMvcPrintOnlyOnFailureTestExecutionListener, org.springframework.boot.test.autoconfigure.web.servlet.WebDriverTestExecutionListener, org.springframework.boot.test.autoconfigure.webservices.client.MockWebServiceServerTestExecutionListener, org.springframework.boot.test.mock.mockito.MockitoTestExecutionListener, org.springframework.boot.test.mock.mockito.ResetMocksTestExecutionListener, org.springframework.test.context.web.ServletTestExecutionListener, org.springframework.test.context.support.DirtiesContextBeforeModesTestExecutionListener, org.springframework.test.context.event.ApplicationEventsTestExecutionListener, org.springframework.test.context.support.DependencyInjectionTestExecutionListener, org.springframework.test.context.support.DirtiesContextTestExecutionListener, org.springframework.test.context.transaction.TransactionalTestExecutionListener, org.springframework.test.context.jdbc.SqlScriptsTestExecutionListener, org.springframework.test.context.event.EventPublishingTestExecutionListener]
14:11:27.469 [Test worker] INFO org.springframework.boot.test.context.SpringBootTestContextBootstrapper - Using TestExecutionListeners: [org.springframework.test.context.web.ServletTestExecutionListener@3efe7086, org.springframework.test.context.support.DirtiesContextBeforeModesTestExecutionListener@675d8c96, org.springframework.test.context.event.ApplicationEventsTestExecutionListener@741b3bc3, org.springframework.boot.test.mock.mockito.MockitoTestExecutionListener@2ed3b1f5, org.springframework.boot.test.autoconfigure.SpringBootDependencyInjectionTestExecutionListener@63648ee9, org.springframework.test.context.support.DirtiesContextTestExecutionListener@68d6972f, org.springframework.test.context.transaction.TransactionalTestExecutionListener@45be7cd5, org.springframework.test.context.jdbc.SqlScriptsTestExecutionListener@7651218e, org.springframework.security.test.context.support.WithSecurityContextTestExecutionListener@3185fa6b, org.springframework.test.context.event.EventPublishingTestExecutionListener@6d366c9b, org.springframework.security.test.context.support.ReactorContextTestExecutionListener@5b58ed3c, org.springframework.boot.test.autoconfigure.restdocs.RestDocsTestExecutionListener@24faea88, org.springframework.boot.test.autoconfigure.web.client.MockRestServiceServerResetTestExecutionListener@3a320ade, org.springframework.boot.test.autoconfigure.web.servlet.MockMvcPrintOnlyOnFailureTestExecutionListener@64beebb7, org.springframework.boot.test.autoconfigure.web.servlet.WebDriverTestExecutionListener@7813cb11, org.springframework.boot.test.autoconfigure.webservices.client.MockWebServiceServerTestExecutionListener@bcec031, org.springframework.boot.test.mock.mockito.ResetMocksTestExecutionListener@21005f6c]
14:11:27.477 [Test worker] DEBUG org.springframework.test.context.support.AbstractDirtiesContextTestExecutionListener - Before test class: context [DefaultTestContext@6e16b8b5 testClass = OrdersAppApplicationTests, testInstance = [null], testMethod = [null], testException = [null], mergedContextConfiguration = [WebMergedContextConfiguration@43b4fe19 testClass = OrdersAppApplicationTests, locations = '{}', classes = '{class com.example.ordersApp.OrdersAppApplication}', contextInitializerClasses = '[]', activeProfiles = '{}', propertySourceLocations = '{}', propertySourceProperties = '{org.springframework.boot.test.context.SpringBootTestContextBootstrapper=true}', contextCustomizers = set[org.springframework.boot.test.autoconfigure.actuate.metrics.MetricsExportContextCustomizerFactory$DisableMetricExportContextCustomizer@72437d8d, org.springframework.boot.test.autoconfigure.properties.PropertyMappingContextCustomizer@0, org.springframework.boot.test.autoconfigure.web.servlet.WebDriverContextCustomizerFactory$Customizer@63787180, org.springframework.boot.test.context.filter.ExcludeFilterContextCustomizer@386f0da3, org.springframework.boot.test.json.DuplicateJsonObjectContextCustomizerFactory$DuplicateJsonObjectContextCustomizer@6e4566f1, org.springframework.boot.test.mock.mockito.MockitoContextCustomizer@0, org.springframework.boot.test.web.client.TestRestTemplateContextCustomizer@7803bfd, org.springframework.boot.test.context.SpringBootTestArgs@1, org.springframework.boot.test.context.SpringBootTestWebEnvironment@22e357dc], resourceBasePath = 'src/main/webapp', contextLoader = 'org.springframework.boot.test.context.SpringBootContextLoader', parent = [null]], attributes = map['org.springframework.test.context.web.ServletTestExecutionListener.activateListener' -> true]], class annotated with @DirtiesContext [false] with mode [null].

  .   ____          _            __ _ _
 /\\ / ___'_ __ _ _(_)_ __  __ _ \ \ \ \
( ( )\___ | '_ | '_| | '_ \/ _` | \ \ \ \
 \\/  ___)| |_)| | | | | || (_| |  ) ) ) )
  '  |____| .__|_| |_|_| |_\__, | / / / /
 =========|_|==============|___/=/_/_/_/
 :: Spring Boot ::                (v2.7.0)

2023-06-14 14:11:28.047  INFO 9084 --- [    Test worker] c.e.ordersApp.OrdersAppApplicationTests  : Starting OrdersAppApplicationTests using Java 16.0.2 on DESKTOP-5SB4P3U with PID 9084 (started by Fujitsu in C:\Projects\ordersAppBackend)
2023-06-14 14:11:28.050  INFO 9084 --- [    Test worker] c.e.ordersApp.OrdersAppApplicationTests  : No active profile set, falling back to 1 default profile: "default"
2023-06-14 14:11:29.116  INFO 9084 --- [    Test worker] .s.d.r.c.RepositoryConfigurationDelegate : Bootstrapping Spring Data JPA repositories in DEFAULT mode.
2023-06-14 14:11:29.232  INFO 9084 --- [    Test worker] .s.d.r.c.RepositoryConfigurationDelegate : Finished Spring Data repository scanning in 101 ms. Found 3 JPA repository interfaces.
2023-06-14 14:11:30.195  INFO 9084 --- [    Test worker] com.zaxxer.hikari.HikariDataSource       : HikariPool-1 - Starting...
2023-06-14 14:11:30.793  INFO 9084 --- [    Test worker] com.zaxxer.hikari.HikariDataSource       : HikariPool-1 - Start completed.
2023-06-14 14:11:30.941  INFO 9084 --- [    Test worker] o.hibernate.jpa.internal.util.LogHelper  : HHH000204: Processing PersistenceUnitInfo [name: default]
2023-06-14 14:11:31.154  INFO 9084 --- [    Test worker] org.hibernate.Version                    : HHH000412: Hibernate ORM core version 5.6.9.Final
2023-06-14 14:11:31.486  INFO 9084 --- [    Test worker] o.hibernate.annotations.common.Version   : HCANN000001: Hibernate Commons Annotations {5.1.2.Final}
2023-06-14 14:11:31.701  INFO 9084 --- [    Test worker] org.hibernate.dialect.Dialect            : HHH000400: Using dialect: org.hibernate.dialect.MySQL8Dialect
2023-06-14 14:11:32.537  INFO 9084 --- [    Test worker] o.h.e.t.j.p.i.JtaPlatformInitiator       : HHH000490: Using JtaPlatform implementation: [org.hibernate.engine.transaction.jta.platform.internal.NoJtaPlatform]
2023-06-14 14:11:32.546  INFO 9084 --- [    Test worker] j.LocalContainerEntityManagerFactoryBean : Initialized JPA EntityManagerFactory for persistence unit 'default'
2023-06-14 14:11:33.419  WARN 9084 --- [    Test worker] .s.s.UserDetailsServiceAutoConfiguration : 

Using generated security password: dedc545e-bf5c-4cf9-8f8e-532dd6dd0ba8

This generated password is for development use only. Your security configuration must be updated before running your application in production.

2023-06-14 14:11:33.793  WARN 9084 --- [    Test worker] JpaBaseConfiguration$JpaWebConfiguration : spring.jpa.open-in-view is enabled by default. Therefore, database queries may be performed during view rendering. Explicitly configure spring.jpa.open-in-view to disable this warning
2023-06-14 14:11:34.400  INFO 9084 --- [    Test worker] o.s.s.web.DefaultSecurityFilterChain     : Will secure any request with [org.springframework.security.web.session.DisableEncodeUrlFilter@4154ecd3, org.springframework.security.web.context.request.async.WebAsyncManagerIntegrationFilter@b53ce18, org.springframework.security.web.context.SecurityContextPersistenceFilter@5c4516ec, org.springframework.security.web.header.HeaderWriterFilter@5ac53209, org.springframework.web.filter.CorsFilter@2a666c8e, org.springframework.security.web.authentication.logout.LogoutFilter@21bd6fd1, org.springframework.security.web.savedrequest.RequestCacheAwareFilter@1c36ab22, org.springframework.security.web.servletapi.SecurityContextHolderAwareRequestFilter@556843a5, org.springframework.security.web.authentication.AnonymousAuthenticationFilter@18adc20a, org.springframework.security.web.session.SessionManagementFilter@7a92827f, org.springframework.security.web.access.ExceptionTranslationFilter@97cb8dc]
2023-06-14 14:11:35.075  INFO 9084 --- [    Test worker] c.e.ordersApp.OrdersAppApplicationTests  : Started OrdersAppApplicationTests in 7.531 seconds (JVM running for 9.267)
]]></system-out>
  <system-err><![CDATA[]]></system-err>
</testsuite>
